<?xml version="1.0" encoding="UTF-8"?>
<!-- Generated by org.testng.reporters.JUnitReportReporter -->
<testsuite hostname="BIMWize3" failures="0" tests="2" name="test.LandingValidations" time="0.254" errors="0" timestamp="2022-07-22T10:57:31 EDT" skipped="0">
  <testcase classname="test.LandingValidations" name="validateUrl" time="0.178"/>
  <system-out/>
  <testcase classname="test.LandingValidations" name="validateTitle" time="0.076"/>
  <system-out/>
</testsuite> <!-- test.LandingValidations -->
