<?xml version="1.0" encoding="UTF-8"?>
<!-- Generated by org.testng.reporters.JUnitReportReporter -->
<testsuite hostname="BIMWize3" failures="0" tests="2" name="test.ValidateLogin" time="7.378" errors="0" timestamp="2022-07-22T10:57:31 EDT" skipped="0">
  <testcase classname="test.ValidateLogin" name="ValidSignIn" time="1.378"/>
  <system-out/>
  <testcase classname="test.ValidateLogin" name="validLogin" time="6.000"/>
  <system-out/>
</testsuite> <!-- test.ValidateLogin -->
