<?xml version="1.0" encoding="UTF-8"?>
<!-- Generated by org.testng.reporters.JUnitReportReporter -->
<testsuite hostname="Japinder" failures="0" tests="3" name="test.LandingValidations" time="0.080" errors="0" timestamp="2022-07-13T14:23:19 GMT-04:00" skipped="0">
  <testcase classname="test.LandingValidations" name="validateUrl" time="0.017"/>
  <system-out/>
  <testcase classname="test.LandingValidations" name="validateTitle" time="0.056"/>
  <system-out/>
  <testcase classname="test.LandingValidations" name="f" time="0.007"/>
  <system-out/>
</testsuite> <!-- test.LandingValidations -->
