<?xml version="1.0" encoding="UTF-8"?>
<!-- Generated by org.testng.reporters.JUnitReportReporter -->
<testsuite hostname="Japinder" failures="0" tests="2" name="test.ValidateNavigation" time="0.297" errors="0" timestamp="2022-07-06T00:18:09 GMT-04:00" skipped="0">
  <testcase classname="test.ValidateNavigation" name="f" time="0.008"/>
  <system-out/>
  <testcase classname="test.ValidateNavigation" name="getText" time="0.289"/>
  <system-out/>
</testsuite> <!-- test.ValidateNavigation -->
