<?xml version="1.0" encoding="UTF-8"?>
<!-- Generated by org.testng.reporters.JUnitReportReporter -->
<testsuite hostname="Japinder" failures="0" tests="3" name="test.LandingValidations" time="0.027" errors="0" timestamp="2022-07-03T23:40:39 GMT-04:00" skipped="0">
  <testcase classname="test.LandingValidations" name="validateUrl" time="0.020"/>
  <system-out/>
  <testcase classname="test.LandingValidations" name="beforeClass" time="0.005"/>
  <system-out/>
  <testcase classname="test.LandingValidations" name="f" time="0.002"/>
  <system-out/>
</testsuite> <!-- test.LandingValidations -->
