<?xml version="1.0" encoding="UTF-8"?>
<!-- Generated by org.testng.reporters.JUnitReportReporter -->
<testsuite hostname="BIMWize3" failures="0" tests="2" name="test.ValidateAcctnsAndLists" time="3.803" errors="0" timestamp="2022-07-22T10:57:31 EDT" skipped="0">
  <testcase classname="test.ValidateAcctnsAndLists" name="ValidateAccountsAndLists" time="0.469"/>
  <system-out/>
  <testcase classname="test.ValidateAcctnsAndLists" name="ValidationCreateWishList" time="3.334"/>
  <system-out/>
</testsuite> <!-- test.ValidateAcctnsAndLists -->
