<?xml version="1.0" encoding="UTF-8"?>
<!-- Generated by org.testng.reporters.JUnitReportReporter -->
<testsuite hostname="Japinder" failures="0" tests="2" name="test.ValidateNavigation" time="0.115" errors="0" timestamp="2022-07-04T02:29:41 GMT-04:00" skipped="0">
  <testcase classname="test.ValidateNavigation" name="getText" time="0.109"/>
  <system-out/>
  <testcase classname="test.ValidateNavigation" name="f" time="0.006"/>
  <system-out/>
</testsuite> <!-- test.ValidateNavigation -->
