<?xml version="1.0" encoding="UTF-8"?>
<!-- Generated by org.testng.reporters.JUnitReportReporter -->
<testsuite hostname="Japinder" failures="0" tests="1" name="test.Launch" time="0.007" errors="0" timestamp="2022-07-03T23:39:05 GMT-04:00" skipped="0">
  <testcase classname="test.Launch" name="f" time="0.007"/>
  <system-out/>
</testsuite> <!-- test.Launch -->
