<?xml version="1.0" encoding="UTF-8"?>
<!-- Generated by org.testng.reporters.JUnitReportReporter -->
<testsuite hostname="BIMWize3" failures="0" tests="1" name="test.NewReleaseValidation" time="4.033" errors="0" timestamp="2022-07-22T10:57:31 EDT" skipped="0">
  <testcase classname="test.NewReleaseValidation" name="ValidateNewReleases" time="4.033"/>
  <system-out/>
</testsuite> <!-- test.NewReleaseValidation -->
